Arguments: 
  C:\Program Files\nodejs\node.exe C:\Users\Shahid\AppData\Roaming\npm\node_modules\yarn\bin\yarn.js add --json @parcel/resolver-default -D -W

PATH: 
  C:\Users\Shahid\Desktop\Devisky Internship\Basic Level\Front end\Task 1\rest-country-api\node_modules\.bin;C:\Users\Shahid\Desktop\Devisky Internship\Basic Level\Front end\Task 1\node_modules\.bin;C:\Users\Shahid\Desktop\Devisky Internship\Basic Level\Front end\node_modules\.bin;C:\Users\Shahid\Desktop\Devisky Internship\Basic Level\node_modules\.bin;C:\Users\Shahid\Desktop\Devisky Internship\node_modules\.bin;C:\Users\Shahid\Desktop\node_modules\.bin;C:\Users\Shahid\node_modules\.bin;C:\Users\node_modules\.bin;C:\node_modules\.bin;C:\Program Files\nodejs\node_modules\npm\node_modules\@npmcli\run-script\lib\node-gyp-bin;C:\Python312\Scripts\;C:\Python312\;C:\Program Files (x86)\Common Files\Oracle\Java\javapath;C:\Windows\system32;C:\Windows;C:\Windows\System32\Wbem;C:\Windows\System32\WindowsPowerShell\v1.0\;C:\Windows\System32\OpenSSH\;C:\Program Files\Git\cmd;C:\Program Files\nodejs\;C:\ProgramData\chocolatey\bin;C:\Users\Shahid\anaconda3;C:\Users\Shahid\anaconda3\Library\mingw-w64\bin;C:\Users\Shahid\anaconda3\Library\usr\bin;C:\Users\Shahid\anaconda3\Library\bin;C:\Users\Shahid\anaconda3\Scripts;C:\Users\Shahid\AppData\Local\Microsoft\WindowsApps;C:\Users\Shahid\AppData\Local\Programs\Microsoft VS Code\bin;C:\Users\Shahid\AppData\Local\GitHubDesktop\bin;C:\Program Files\JetBrains\PyCharm 2023.1.3\bin;;C:\Users\Shahid\AppData\Roaming\npm

Yarn version: 
  1.22.19

Node version: 
  20.11.0

Platform: 
  win32 x64

Trace: 
  Error: EPERM: operation not permitted, unlink 'C:\Users\Shahid\Desktop\Devisky Internship\Basic Level\Front end\Task 1\rest-country-api\node_modules\@msgpackr-extract\msgpackr-extract-win32-x64\node.napi.node'

npm manifest: 
  {
    "name": "countries-api",
    "version": "1.0.0",
    "description": "fetching data from api using fetch api",
    "default": "dist/index.html",
    "browserslist": "> 0.5%, last 2 versions, not dead",
    "scripts": {
      "watch": "node-sass src/sass/main.scss src/css/style.css -w",
      "start": "parcel index.html",
      "build": "parcel build index.html --dist-dir ./dist"
    },
    "author": "",
    "license": "ISC",
    "dependencies": {
      "live-server": "^1.2.2",
      "regenerator-runtime": "^0.14.1"
    },
    "devDependencies": {
      "@parcel/transformer-sass": "^2.12.0",
      "parcel": "^2.12.0"
    }
  }

yarn manifest: 
  No manifest

Lockfile: 
  No lockfile
